Lattice Timing Report -  Setup  and Hold, Version Radiant Software (64-bit) 2024.2.0.3.0

Sun Sep 21 17:02:56 2025

Copyright (c) 1991-1994 by NeoCAD Inc. All rights reserved.
Copyright (c) 1995 AT&T Corp.   All rights reserved.
Copyright (c) 1995-2001 Lucent Technologies Inc.  All rights reserved.
Copyright (c) 2001 Agere Systems   All rights reserved.
Copyright (c) 2002-2024 Lattice Semiconductor Corporation,  All rights reserved.

Command line:    timing -sethld -v 10 -u 10 -endpoints 10 -nperend 1 -sp High-Performance_1.2V -hsp m -pwrprd -html -rpt e155_lab3_impl_1.twr e155_lab3_impl_1.udb -gui -msgset C:/Users/kanparker/Downloads/e1155_lab3/fpga/e155_lab3/promote.xml

-----------------------------------------
Design:          top
Family:          iCE40UP
Device:          iCE40UP5K
Package:         SG48
Performance:     High-Performance_1.2V
Package Status:                     Preliminary    Version 1.5
**Performance Hardware Data Status :   Advanced Version 1.0
-----------------------------------------


=====================================================================
                    Table of Contents
=====================================================================
    1  Timing Overview
        1.1  SDC Constraints
        1.2  Constraint Coverage
        1.3  Overall Summary
        1.4  Unconstrained Report
        1.5  Combinational Loop
    2  Setup at Speed Grade High-Performance_1.2V Corner at 100 Degrees
        2.1  Clock Summary
        2.2  Endpoint slacks
        2.3  Detailed Report
    3  Hold at Speed Grade m Corner at -40 Degrees
        3.1  Endpoint slacks
        3.2  Detailed Report

=====================================================================
                    End of Table of Contents
=====================================================================

==============================================
1  Timing Overview
==============================================

1.1  SDC Constraints
=====================

1.2  Constraint Coverage
---------------------------
Constraint Coverage: 0%


1.3  Overall Summary
---------------------------
 Setup at Speed Grade High-Performance_1.2V Corner at 100 Degrees     Timing Errors: 0 endpoints;  Total Negative Slack: 0.000 ns 
 Hold at Speed Grade m Corner at -40 Degrees                          Timing Errors: 0 endpoints;  Total Negative Slack: 0.000 ns 

1.4  Unconstrained Report
===========================

1.4.1  Unconstrained Start/End Points
--------------------------------------

Clocked but unconstrained timing start points
--------------------------------------------------
There is no start point satisfying reporting criteria


Clocked but unconstrained timing end points
--------------------------------------------------
There is no end point satisfying reporting criteria


1.4.2  Start/End Points Without Timing Constraints
---------------------------------------------------

I/O ports without constraint
----------------------------
Possible constraints to use on I/O ports are:
set_input_delay,
set_output_delay,
set_max_delay,
create_clock,
create_generated_clock,
...

-------------------------------------------------------------------
     Listing 10 Start or End Points     |           Type           
-------------------------------------------------------------------
reset                                   |                     input
cols[0]                                 |                     input
cols[1]                                 |                     input
cols[2]                                 |                     input
cols[3]                                 |                     input
gate2                                   |                    output
gate1                                   |                    output
seg[0]                                  |                    output
seg[1]                                  |                    output
seg[2]                                  |                    output
-------------------------------------------------------------------
                                        |                          
Number of I/O ports without constraint  |                        26
                                        |                          
-------------------------------------------------------------------

Nets without clock definition
Define a clock on a top level port or a generated clock on a clock divider pin associated with this net(s).
-------------------------------------------------------------------
            Listing 1 Net(s)            |        Source pin        
-------------------------------------------------------------------
gate1_c                                 |one_khz_clock/i3402_2_lut/Z
-------------------------------------------------------------------
                                        |                          
Number of clock nets without clock defi |                          
nition                                  |                         1
                                        |                          
-------------------------------------------------------------------


1.5  Combinational Loop
========================
Combinational Loops
-------------------
++++ Loop1
read_write.i1_4_lut/A	->	read_write.i1_4_lut/Z

++++ Loop2
read_write.i1_2_lut_3_lut/A	->	read_write.i1_2_lut_3_lut/Z

++++ Loop3
read_write/i2456_4_lut/A	->	read_write/i2456_4_lut/Z

++++ Loop4
read_write/i2468_3_lut/A	->	read_write/i2468_3_lut/Z

++++ Loop5
read_write/i2452_4_lut/A	->	read_write/i2452_4_lut/Z

++++ Loop6
read_write/i2464_3_lut/A	->	read_write/i2464_3_lut/Z

++++ Loop7
read_write/i2448_3_lut/A	->	read_write/i2448_3_lut/Z

++++ Loop8
read_write/i2444_4_lut/A	->	read_write/i2444_4_lut/Z

++++ Loop9
read_write/i2454_4_lut/A	->	read_write/i2454_4_lut/Z

++++ Loop10
read_write/i2466_3_lut/A	->	read_write/i2466_3_lut/Z

++++ Loop11
read_write.i1_2_lut_3_lut/C	->	read_write.i1_2_lut_3_lut/Z

++++ Loop12
read_write/i5361_4_lut/Z	->	read_write/i5360_3_lut_4_lut/Z

++++ Loop13
read_write/i5364_4_lut/Z	->	read_write/i5363_4_lut/Z

++++ Loop14
i1_4_lut/C	->	i1_4_lut/Z

++++ Loop15
read_write/i2446_3_lut_4_lut/A	->	read_write/i2446_3_lut_4_lut/Z

++++ Loop16
read_write/i2460_4_lut/A	->	read_write/i2460_4_lut/Z

++++ Loop17
debounce3/i2723_3_lut/B	->	debounce3/i2723_3_lut/Z

++++ Loop18
synchc3/i2722_4_lut/Z	->	debounce3/i2723_3_lut/Z

++++ Loop19
debounce1/i2438_4_lut/B	->	debounce1/i2438_4_lut/Z

++++ Loop20
debounce1/i2438_4_lut/Z	->	debounce3.i1_3_lut_4_lut_adj_46/Z

++++ Loop21
synchc2/i1_4_lut/B	->	synchc2/i1_4_lut/Z

++++ Loop22
debounce2/i2440_4_lut/Z	->	debounce3.i1_3_lut_4_lut_adj_46/Z

++++ Loop23
debounce2/i2440_4_lut/Z	->	debounce3.i1_3_lut_4_lut/Z

++++ Loop24
debounce2/i2440_4_lut/B	->	debounce2/i2440_4_lut/Z

++++ Loop25
debounce0/i1_4_lut/A	->	debounce0/i1_4_lut/Z

++++ Loop26
debounce0/i1_4_lut_adj_44/Z	->	debounce3.i1_3_lut_4_lut_adj_46/Z

++++ Loop27
debounce0/i1_4_lut_adj_44/Z	->	debounce3.i1_3_lut_4_lut/Z

++++ Loop28
row_sweeper/i3276_4_lut/A	->	row_sweeper/i3276_4_lut/Z

++++ Loop29
i1_4_lut_adj_55/B	->	i1_4_lut_adj_55/Z

++++ Loop30
synchc0/i1_4_lut/C	->	synchc0/i1_4_lut/Z

++++ Loop31
synchc1/i1_4_lut/B	->	synchc1/i1_4_lut/Z

++++ Loop32
one_khz_clock/add_3_add_5_29/S1	->	one_khz_clock/i3324_2_lut/Z

++++ Loop33
one_khz_clock/add_3_add_5_31/B1	->	one_khz_clock/add_3_add_5_31/S1

++++ Loop34
one_khz_clock/add_3_add_5_33/B0	->	one_khz_clock/add_3_add_5_33/S0

++++ Loop35
one_khz_clock/add_3_add_5_31/B0	->	one_khz_clock/add_3_add_5_31/S0

++++ Loop36
one_khz_clock/add_3_add_5_5/S0	->	one_khz_clock/i3398_2_lut/Z

++++ Loop37
one_khz_clock/add_3_add_5_5/B1	->	one_khz_clock/add_3_add_5_5/S1

++++ Loop38
one_khz_clock/add_3_add_5_7/B1	->	one_khz_clock/add_3_add_5_7/S1

++++ Loop39
one_khz_clock/add_3_add_5_9/B1	->	one_khz_clock/add_3_add_5_9/S1

++++ Loop40
one_khz_clock/add_3_add_5_11/B1	->	one_khz_clock/add_3_add_5_11/S1

++++ Loop41
one_khz_clock/add_3_add_5_13/B1	->	one_khz_clock/add_3_add_5_13/S1

++++ Loop42
one_khz_clock/add_3_add_5_15/B1	->	one_khz_clock/add_3_add_5_15/S1

++++ Loop43
one_khz_clock/add_3_add_5_17/B1	->	one_khz_clock/add_3_add_5_17/S1

++++ Loop44
one_khz_clock/add_3_add_5_19/B1	->	one_khz_clock/add_3_add_5_19/S1

++++ Loop45
one_khz_clock/add_3_add_5_21/B1	->	one_khz_clock/add_3_add_5_21/S1

++++ Loop46
one_khz_clock/add_3_add_5_23/B1	->	one_khz_clock/add_3_add_5_23/S1

++++ Loop47
one_khz_clock/add_3_add_5_25/B1	->	one_khz_clock/add_3_add_5_25/S1

++++ Loop48
one_khz_clock/add_3_add_5_27/B1	->	one_khz_clock/add_3_add_5_27/S1

++++ Loop49
one_khz_clock/add_3_add_5_29/B0	->	one_khz_clock/add_3_add_5_29/S0

++++ Loop50
one_khz_clock/add_3_add_5_27/B0	->	one_khz_clock/add_3_add_5_27/S0

++++ Loop51
one_khz_clock/add_3_add_5_25/B0	->	one_khz_clock/add_3_add_5_25/S0

++++ Loop52
one_khz_clock/add_3_add_5_23/B0	->	one_khz_clock/add_3_add_5_23/S0

++++ Loop53
one_khz_clock/add_3_add_5_21/B0	->	one_khz_clock/add_3_add_5_21/S0

++++ Loop54
one_khz_clock/add_3_add_5_19/B0	->	one_khz_clock/add_3_add_5_19/S0

++++ Loop55
one_khz_clock/add_3_add_5_17/B0	->	one_khz_clock/add_3_add_5_17/S0

++++ Loop56
one_khz_clock/add_3_add_5_15/B0	->	one_khz_clock/add_3_add_5_15/S0

++++ Loop57
one_khz_clock/add_3_add_5_13/B0	->	one_khz_clock/add_3_add_5_13/S0

++++ Loop58
one_khz_clock/add_3_add_5_11/B0	->	one_khz_clock/add_3_add_5_11/S0

++++ Loop59
one_khz_clock/add_3_add_5_9/B0	->	one_khz_clock/add_3_add_5_9/S0

++++ Loop60
one_khz_clock/add_3_add_5_7/B0	->	one_khz_clock/add_3_add_5_7/S0

++++ Loop61
one_khz_clock/add_3_add_5_1/S1	->	one_khz_clock/i3271_2_lut/Z

++++ Loop62
one_khz_clock/add_3_add_5_3/B1	->	one_khz_clock/add_3_add_5_3/S1

++++ Loop63
one_khz_clock/add_3_add_5_3/B0	->	one_khz_clock/add_3_add_5_3/S0

===============================================================
2  Setup at Speed Grade High-Performance_1.2V Corner at 100 Degrees
===============================================================

2.1  Clock Summary
=======================

2.2  Endpoint slacks
=======================
--------------------------------------------------
There is no end point satisfying reporting criteria

Total Negative Slack: 0


2.3  Detailed Report
=======================


XXXXXXXXXXXXXXXXXXXXXXXXXXXXXXXXXXXXXXXXXXXXXXXXXXXXXXXXXX

Detail report of critical paths

XXXXXXXXXXXXXXXXXXXXXXXXXXXXXXXXXXXXXXXXXXXXXXXXXXXXXXXXXX

 +++++++++++++++++++++++++++++++++++++++++++++++++++++++++++++++++++++
                    Detailed Report for timing paths 
 +++++++++++++++++++++++++++++++++++++++++++++++++++++++++++++++++++++
 +++++++++++++++++++++++++++++++++++++++++++++++++++++++++++++++++++++
                    End of Detailed Report for timing paths 
 +++++++++++++++++++++++++++++++++++++++++++++++++++++++++++++++++++++


##########################################################



===============================================================
3  Hold at Speed Grade m Corner at -40 Degrees
===============================================================

3.1  Endpoint slacks
=======================
--------------------------------------------------
There is no end point satisfying reporting criteria

Total Negative Slack: 0


3.2  Detailed Report
=======================


XXXXXXXXXXXXXXXXXXXXXXXXXXXXXXXXXXXXXXXXXXXXXXXXXXXXXXXXXX

Detail report of critical paths

XXXXXXXXXXXXXXXXXXXXXXXXXXXXXXXXXXXXXXXXXXXXXXXXXXXXXXXXXX

 +++++++++++++++++++++++++++++++++++++++++++++++++++++++++++++++++++++
                    Detailed Report for timing paths 
 +++++++++++++++++++++++++++++++++++++++++++++++++++++++++++++++++++++
 +++++++++++++++++++++++++++++++++++++++++++++++++++++++++++++++++++++
                    End of Detailed Report for timing paths 
 +++++++++++++++++++++++++++++++++++++++++++++++++++++++++++++++++++++


##########################################################



